<?xml version="1.0" encoding="UTF-8"?>
<!-- Generated by org.testng.reporters.JUnitXMLReporter -->
<testsuite ignored="0" hostname="LTIN269632" failures="0" tests="4" name="Chrome Test" time="145.546" errors="0" timestamp="2024-02-28T10:38:23 IST">
  <testcase classname="testpack.baseClass" name="newbikes" time="23.995"/>
  <testcase classname="testpack.baseClass" name="bikeslist" time="20.945"/>
  <testcase classname="testpack.baseClass" name="usedcars" time="38.141"/>
  <testcase classname="testpack.baseClass" name="Account" time="32.156"/>
</testsuite> <!-- Chrome Test -->
